#
# A fatal error has been detected by the Java Runtime Environment:
#
#  Internal Error (safepoint.cpp:848), pid=20744, tid=0x0000000000009b03
#  fatal error: Illegal threadstate encountered: 4
#
# JRE version: OpenJDK Runtime Environment (8.0_362-b08) (build 1.8.0_362-b08)
# Java VM: OpenJDK 64-Bit Server VM (25.362-b08 mixed mode bsd-amd64 compressed oops)
# Failed to write core dump. Core dumps have been disabled. To enable core dumping, try "ulimit -c unlimited" before starting Java again
#
# If you would like to submit a bug report, please visit:
#   https://github.com/corretto/corretto-8/issues/
# The crash happened outside the Java Virtual Machine in native code.
# See problematic frame for where to report the bug.
#

---------------  T H R E A D  ---------------

Current thread (0x00007ff7408e3800):  JavaThread "Thread-1" daemon [_thread_in_native, id=39683, stack(0x000070001119e000,0x000070001129e000)]

Stack: [0x000070001119e000,0x000070001129e000],  sp=0x000070001129cf90,  free space=1019k
Native frames: (J=compiled Java code, j=interpreted, Vv=VM code, C=native code)
V  [libjvm.dylib+0x576cd0]
V  [libjvm.dylib+0x1c4452]
V  [libjvm.dylib+0x4c8ceb]
V  [libjvm.dylib+0x53b9e4]
V  [libjvm.dylib+0x557ab8]
V  [libjvm.dylib+0x557a5c]
V  [libjvm.dylib+0x557a2b]
V  [libjvm.dylib+0x551639]
V  [libjvm.dylib+0x2f8df3]
C  [libglass.dylib+0xa7e8]  -[GlassRunnable dealloc]+0x28
C  [Foundation+0x8188e]  -[_NSThreadPerformInfo dealloc]+0x2a
C  [Foundation+0x4e406]  -[NSObject(NSThreadPerformAdditions) performSelectorOnMainThread:withObject:waitUntilDone:]+0x7c
J 1628  com.sun.glass.ui.mac.MacApplication._submitForLaterInvocation(Ljava/lang/Runnable;)V (0 bytes) @ 0x000000010b9bf03c [0x000000010b9bef80+0xbc]
J 1627 C1 com.sun.glass.ui.mac.MacApplication.submitForLaterInvocation(Ljava/lang/Runnable;)V (6 bytes) @ 0x000000010b9c14fc [0x000000010b9c1480+0x7c]
j  com.sun.glass.ui.InvokeLaterDispatcher.run()V+82
v  ~StubRoutines::call_stub
V  [libjvm.dylib+0x2c3b04]
V  [libjvm.dylib+0x2c290e]
V  [libjvm.dylib+0x2c2af9]
V  [libjvm.dylib+0x333008]
V  [libjvm.dylib+0x53a2dd]
V  [libjvm.dylib+0x53a195]
V  [libjvm.dylib+0x46ea1b]
C  [libsystem_pthread.dylib+0x64e1]  _pthread_start+0x7d
C  [libsystem_pthread.dylib+0x1f6b]  thread_start+0xf
C  0x0000000000000000

Java frames: (J=compiled Java code, j=interpreted, Vv=VM code)
J 1628  com.sun.glass.ui.mac.MacApplication._submitForLaterInvocation(Ljava/lang/Runnable;)V (0 bytes) @ 0x000000010b9befcc [0x000000010b9bef80+0x4c]
J 1627 C1 com.sun.glass.ui.mac.MacApplication.submitForLaterInvocation(Ljava/lang/Runnable;)V (6 bytes) @ 0x000000010b9c14fc [0x000000010b9c1480+0x7c]
j  com.sun.glass.ui.InvokeLaterDispatcher.run()V+82
v  ~StubRoutines::call_stub

---------------  P R O C E S S  ---------------

Java Threads: ( => current thread )
  0x00007ff7420b5000 JavaThread "Prism Font Disposer" daemon [_thread_blocked, id=52739, stack(0x00007000116b6000,0x00007000117b6000)]
  0x00007ff7429d4800 JavaThread "JavaFX-Launcher" [_thread_blocked, id=50951, stack(0x00007000115b3000,0x00007000116b3000)]
  0x00007ff74093f000 JavaThread "Thread-3" daemon [_thread_blocked, id=33031, stack(0x0000700011324000,0x00007000113a4000)]
  0x00007ff7419a9800 JavaThread "JavaFX Application Thread" [_thread_in_native_trans, id=259, stack(0x00007ff7ba2cc000,0x00007ff7baacc000)]
=>0x00007ff7408e3800 JavaThread "Thread-1" daemon [_thread_in_native, id=39683, stack(0x000070001119e000,0x000070001129e000)]
  0x00007ff742982800 JavaThread "QuantumRenderer-0" daemon [_thread_blocked, id=16899, stack(0x000070001109b000,0x000070001119b000)]
  0x00007ff74287c800 JavaThread "Service Thread" daemon [_thread_blocked, id=17411, stack(0x0000700010e95000,0x0000700010f95000)]
  0x00007ff74086b000 JavaThread "C1 CompilerThread2" daemon [_thread_blocked, id=17667, stack(0x0000700010d92000,0x0000700010e92000)]
  0x00007ff741891800 JavaThread "C2 CompilerThread1" daemon [_thread_blocked, id=17923, stack(0x0000700010c8f000,0x0000700010d8f000)]
  0x00007ff742878800 JavaThread "C2 CompilerThread0" daemon [_thread_blocked, id=18179, stack(0x0000700010b8c000,0x0000700010c8c000)]
  0x00007ff74084d800 JavaThread "Monitor Ctrl-Break" daemon [_thread_in_native, id=13571, stack(0x0000700010a89000,0x0000700010b89000)]
  0x00007ff74203a800 JavaThread "Signal Dispatcher" daemon [_thread_blocked, id=13315, stack(0x0000700010986000,0x0000700010a86000)]
  0x00007ff741810800 JavaThread "Finalizer" daemon [_thread_blocked, id=11523, stack(0x000070001077d000,0x000070001087d000)]
  0x00007ff74180e000 JavaThread "Reference Handler" daemon [_thread_blocked, id=20483, stack(0x000070001067a000,0x000070001077a000)]
  0x00007ff74280a800 JavaThread "main" [_thread_blocked, id=5891, stack(0x0000700010068000,0x0000700010168000)]

Other Threads:
  0x00007ff742829000 VMThread [stack: 0x0000700010577000,0x0000700010677000] [id=20995]
  0x00007ff74287d000 WatcherThread [stack: 0x0000700010f98000,0x0000700011098000] [id=17155]

VM state:synchronizing (normal execution)

VM Mutex/Monitor currently owned by a thread:  ([mutex/lock_event])
[0x00006000025f1680] Safepoint_lock - owner thread: 0x00007ff742829000
[0x00006000025f1700] Threads_lock - owner thread: 0x00007ff742829000

heap address: 0x0000000740000000, size: 2048 MB, Compressed Oops mode: Zero based, Oop shift amount: 3
Narrow klass base: 0x0000000000000000, Narrow klass shift: 3
Compressed class space size: 1073741824 Address: 0x00000007c0000000

Heap:
 PSYoungGen      total 38400K, used 5831K [0x0000000795580000, 0x0000000798000000, 0x00000007c0000000)
  eden space 33280K, 2% used [0x0000000795580000,0x0000000795638a98,0x0000000797600000)
  from space 5120K, 99% used [0x0000000797b00000,0x0000000797ff9480,0x0000000798000000)
  to   space 5120K, 0% used [0x0000000797600000,0x0000000797600000,0x0000000797b00000)
 ParOldGen       total 87552K, used 10063K [0x0000000740000000, 0x0000000745580000, 0x0000000795580000)
  object space 87552K, 11% used [0x0000000740000000,0x00000007409d3fc8,0x0000000745580000)
 Metaspace       used 12899K, capacity 13398K, committed 13568K, reserved 1060864K
  class space    used 1574K, capacity 1753K, committed 1792K, reserved 1048576K

Card table byte_map: [0x0000000105a4c000,0x0000000105e4d000] byte_map_base: 0x000000010204c000

Marking Bits: (ParMarkBitMap*) 0x0000000106a39d58
 Begin Bits: [0x0000000107156000, 0x0000000109156000)
 End Bits:   [0x0000000109156000, 0x000000010b156000)

Polling page: 0x0000000105576000

CodeCache: size=245760Kb used=6163Kb max_used=6177Kb free=239596Kb
 bounds [0x000000010b4d1000, 0x000000010bae1000, 0x000000011a4d1000]
 total_blobs=2548 nmethods=1947 adapters=514
 compilation: enabled

Compilation events (10 events):
Event: 13.722 Thread 0x00007ff742878800 nmethod 1942 0x000000010baa1390 code [0x000000010baa14e0, 0x000000010baa1568]
Event: 13.722 Thread 0x00007ff741891800 nmethod 1943 0x000000010bad5850 code [0x000000010bad59a0, 0x000000010bad5a58]
Event: 13.788 Thread 0x00007ff742878800 1944       4       com.sun.javafx.geom.transform.GeneralTransform3D::isAffine (63 bytes)
Event: 13.796 Thread 0x00007ff742878800 nmethod 1944 0x000000010badabd0 code [0x000000010badadc0, 0x000000010badb198]
Event: 13.804 Thread 0x00007ff741891800 1945       4       com.sun.javafx.geom.transform.GeneralTransform3D::transform (249 bytes)
Event: 13.810 Thread 0x00007ff741891800 nmethod 1945 0x000000010bada6d0 code [0x000000010bada840, 0x000000010badaa78]
Event: 14.054 Thread 0x00007ff742878800 1946   !   4       sun.nio.cs.StreamEncoder::close (37 bytes)
Event: 14.103 Thread 0x00007ff742878800 nmethod 1946 0x000000010badb410 code [0x000000010badb660, 0x000000010badca50]
Event: 14.304 Thread 0x00007ff74086b000 1947       3       javafx.scene.Scene$MouseHandler::updateCursor (36 bytes)
Event: 14.305 Thread 0x00007ff74086b000 nmethod 1947 0x000000010bad4b10 code [0x000000010bad4ca0, 0x000000010bad5058]

GC Heap History (8 events):
Event: 1.690 GC heap before
{Heap before GC invocations=1 (full 0):
 PSYoungGen      total 38400K, used 33280K [0x0000000795580000, 0x0000000798000000, 0x00000007c0000000)
  eden space 33280K, 100% used [0x0000000795580000,0x0000000797600000,0x0000000797600000)
  from space 5120K, 0% used [0x0000000797b00000,0x0000000797b00000,0x0000000798000000)
  to   space 5120K, 0% used [0x0000000797600000,0x0000000797600000,0x0000000797b00000)
 ParOldGen       total 87552K, used 0K [0x0000000740000000, 0x0000000745580000, 0x0000000795580000)
  object space 87552K, 0% used [0x0000000740000000,0x0000000740000000,0x0000000745580000)
 Metaspace       used 9277K, capacity 9664K, committed 9856K, reserved 1058816K
  class space    used 1153K, capacity 1296K, committed 1408K, reserved 1048576K
Event: 1.706 GC heap after
Heap after GC invocations=1 (full 0):
 PSYoungGen      total 38400K, used 5114K [0x0000000795580000, 0x0000000798000000, 0x00000007c0000000)
  eden space 33280K, 0% used [0x0000000795580000,0x0000000795580000,0x0000000797600000)
  from space 5120K, 99% used [0x0000000797600000,0x0000000797afe800,0x0000000797b00000)
  to   space 5120K, 0% used [0x0000000797b00000,0x0000000797b00000,0x0000000798000000)
 ParOldGen       total 87552K, used 7310K [0x0000000740000000, 0x0000000745580000, 0x0000000795580000)
  object space 87552K, 8% used [0x0000000740000000,0x00000007407238c8,0x0000000745580000)
 Metaspace       used 9277K, capacity 9664K, committed 9856K, reserved 1058816K
  class space    used 1153K, capacity 1296K, committed 1408K, reserved 1048576K
}
Event: 4.189 GC heap before
{Heap before GC invocations=2 (full 0):
 PSYoungGen      total 38400K, used 38394K [0x0000000795580000, 0x0000000798000000, 0x00000007c0000000)
  eden space 33280K, 100% used [0x0000000795580000,0x0000000797600000,0x0000000797600000)
  from space 5120K, 99% used [0x0000000797600000,0x0000000797afe800,0x0000000797b00000)
  to   space 5120K, 0% used [0x0000000797b00000,0x0000000797b00000,0x0000000798000000)
 ParOldGen       total 87552K, used 7310K [0x0000000740000000, 0x0000000745580000, 0x0000000795580000)
  object space 87552K, 8% used [0x0000000740000000,0x00000007407238c8,0x0000000745580000)
 Metaspace       used 12366K, capacity 12846K, committed 13056K, reserved 1060864K
  class space    used 1558K, capacity 1705K, committed 1792K, reserved 1048576K
Event: 4.217 GC heap after
Heap after GC invocations=2 (full 0):
 PSYoungGen      total 38400K, used 5109K [0x0000000795580000, 0x000000079a080000, 0x00000007c0000000)
  eden space 33280K, 0% used [0x0000000795580000,0x0000000795580000,0x0000000797600000)
  from space 5120K, 99% used [0x0000000797b00000,0x0000000797ffd470,0x0000000798000000)
  to   space 5120K, 0% used [0x0000000797600000,0x0000000797600000,0x0000000797b00000)
 ParOldGen       total 87552K, used 9735K [0x0000000740000000, 0x0000000745580000, 0x0000000795580000)
  object space 87552K, 11% used [0x0000000740000000,0x0000000740981fc8,0x0000000745580000)
 Metaspace       used 12366K, capacity 12846K, committed 13056K, reserved 1060864K
  class space    used 1558K, capacity 1705K, committed 1792K, reserved 1048576K
}
Event: 9.416 GC heap before
{Heap before GC invocations=3 (full 0):
 PSYoungGen      total 38400K, used 38389K [0x0000000795580000, 0x000000079a080000, 0x00000007c0000000)
  eden space 33280K, 100% used [0x0000000795580000,0x0000000797600000,0x0000000797600000)
  from space 5120K, 99% used [0x0000000797b00000,0x0000000797ffd470,0x0000000798000000)
  to   space 5120K, 0% used [0x0000000797600000,0x0000000797600000,0x0000000797b00000)
 ParOldGen       total 87552K, used 9735K [0x0000000740000000, 0x0000000745580000, 0x0000000795580000)
  object space 87552K, 11% used [0x0000000740000000,0x0000000740981fc8,0x0000000745580000)
 Metaspace       used 12636K, capacity 13106K, committed 13312K, reserved 1060864K
  class space    used 1558K, capacity 1705K, committed 1792K, reserved 1048576K
Event: 9.423 GC heap after
Heap after GC invocations=3 (full 0):
 PSYoungGen      total 38400K, used 5093K [0x0000000795580000, 0x0000000798000000, 0x00000007c0000000)
  eden space 33280K, 0% used [0x0000000795580000,0x0000000795580000,0x0000000797600000)
  from space 5120K, 99% used [0x0000000797600000,0x0000000797af9480,0x0000000797b00000)
  to   space 5120K, 0% used [0x0000000797b00000,0x0000000797b00000,0x0000000798000000)
 ParOldGen       total 87552K, used 9887K [0x0000000740000000, 0x0000000745580000, 0x0000000795580000)
  object space 87552K, 11% used [0x0000000740000000,0x00000007409a7fc8,0x0000000745580000)
 Metaspace       used 12636K, capacity 13106K, committed 13312K, reserved 1060864K
  class space    used 1558K, capacity 1705K, committed 1792K, reserved 1048576K
}
Event: 14.553 GC heap before
{Heap before GC invocations=4 (full 0):
 PSYoungGen      total 38400K, used 38373K [0x0000000795580000, 0x0000000798000000, 0x00000007c0000000)
  eden space 33280K, 100% used [0x0000000795580000,0x0000000797600000,0x0000000797600000)
  from space 5120K, 99% used [0x0000000797600000,0x0000000797af9480,0x0000000797b00000)
  to   space 5120K, 0% used [0x0000000797b00000,0x0000000797b00000,0x0000000798000000)
 ParOldGen       total 87552K, used 9887K [0x0000000740000000, 0x0000000745580000, 0x0000000795580000)
  object space 87552K, 11% used [0x0000000740000000,0x00000007409a7fc8,0x0000000745580000)
 Metaspace       used 12899K, capacity 13398K, committed 13568K, reserved 1060864K
  class space    used 1574K, capacity 1753K, committed 1792K, reserved 1048576K
Event: 14.560 GC heap after
Heap after GC invocations=4 (full 0):
 PSYoungGen      total 38400K, used 5093K [0x0000000795580000, 0x0000000798000000, 0x00000007c0000000)
  eden space 33280K, 0% used [0x0000000795580000,0x0000000795580000,0x0000000797600000)
  from space 5120K, 99% used [0x0000000797b00000,0x0000000797ff9480,0x0000000798000000)
  to   space 5120K, 0% used [0x0000000797600000,0x0000000797600000,0x0000000797b00000)
 ParOldGen       total 87552K, used 10063K [0x0000000740000000, 0x0000000745580000, 0x0000000795580000)
  object space 87552K, 11% used [0x0000000740000000,0x00000007409d3fc8,0x0000000745580000)
 Metaspace       used 12899K, capacity 13398K, committed 13568K, reserved 1060864K
  class space    used 1574K, capacity 1753K, committed 1792K, reserved 1048576K
}

Deoptimization events (10 events):
Event: 1.554 Thread 0x00007ff7419a9800 Uncommon trap: reason=unstable_if action=reinterpret pc=0x000000010b742d7c method=com.sun.javafx.image.impl.BaseByteToByteConverter$FourByteReorderer.doConvert([BII[BIIII)V @ 31
Event: 1.790 Thread 0x00007ff7419a9800 Uncommon trap: reason=predicate action=maybe_recompile pc=0x000000010b773cbc method=java.util.AbstractCollection.toArray([Ljava/lang/Object;)[Ljava/lang/Object; @ 49
Event: 2.076 Thread 0x00007ff7419a9800 Uncommon trap: reason=array_check action=maybe_recompile pc=0x000000010b7be898 method=java.util.AbstractCollection.toArray([Ljava/lang/Object;)[Ljava/lang/Object; @ 119
Event: 2.077 Thread 0x00007ff7419a9800 Uncommon trap: reason=array_check action=maybe_recompile pc=0x000000010b7be898 method=java.util.AbstractCollection.toArray([Ljava/lang/Object;)[Ljava/lang/Object; @ 119
Event: 2.078 Thread 0x00007ff7419a9800 Uncommon trap: reason=array_check action=maybe_recompile pc=0x000000010b7be898 method=java.util.AbstractCollection.toArray([Ljava/lang/Object;)[Ljava/lang/Object; @ 119
Event: 2.079 Thread 0x00007ff7419a9800 Uncommon trap: reason=array_check action=maybe_recompile pc=0x000000010b7be898 method=java.util.AbstractCollection.toArray([Ljava/lang/Object;)[Ljava/lang/Object; @ 119
Event: 2.384 Thread 0x00007ff742982800 Uncommon trap: reason=unstable_if action=reinterpret pc=0x000000010b801d1c method=sun.net.www.ParseUtil.encodePath(Ljava/lang/String;Z)Ljava/lang/String; @ 109
Event: 3.917 Thread 0x00007ff7419a9800 Uncommon trap: reason=unstable_if action=reinterpret pc=0x000000010b816bd0 method=java.util.HashMap.getNode(ILjava/lang/Object;)Ljava/util/HashMap$Node; @ 116
Event: 3.919 Thread 0x00007ff742982800 Uncommon trap: reason=unstable_if action=reinterpret pc=0x000000010b8d583c method=java.util.WeakHashMap.get(Ljava/lang/Object;)Ljava/lang/Object; @ 35
Event: 3.919 Thread 0x00007ff742982800 Uncommon trap: reason=unstable_if action=reinterpret pc=0x000000010b8a69ac method=java.util.WeakHashMap.get(Ljava/lang/Object;)Ljava/lang/Object; @ 35

Classes redefined (0 events):
No events

Internal exceptions (10 events):
Event: 2.075 Thread 0x00007ff7419a9800 Exception <a 'java/io/FileNotFoundException'> (0x000000079643d298) thrown at [/Users/ec2-user/workspace/Corretto8/macos/x64/build/Corretto8Src/installers/mac/tar/corretto-build/buildRoot/hotspot/src/share/vm/prims/jni.cpp, line 709]
Event: 2.076 Thread 0x00007ff7419a9800 Exception <a 'java/io/FileNotFoundException'> (0x000000079644d308) thrown at [/Users/ec2-user/workspace/Corretto8/macos/x64/build/Corretto8Src/installers/mac/tar/corretto-build/buildRoot/hotspot/src/share/vm/prims/jni.cpp, line 709]
Event: 2.076 Thread 0x00007ff7419a9800 Exception <a 'java/io/FileNotFoundException'> (0x000000079645d800) thrown at [/Users/ec2-user/workspace/Corretto8/macos/x64/build/Corretto8Src/installers/mac/tar/corretto-build/buildRoot/hotspot/src/share/vm/prims/jni.cpp, line 709]
Event: 2.077 Thread 0x00007ff7419a9800 Exception <a 'sun/nio/fs/UnixException'> (0x000000079647e970) thrown at [/Users/ec2-user/workspace/Corretto8/macos/x64/build/Corretto8Src/installers/mac/tar/corretto-build/buildRoot/hotspot/src/share/vm/prims/jni.cpp, line 709]
Event: 2.077 Thread 0x00007ff7419a9800 Exception <a 'java/io/FileNotFoundException'> (0x0000000796486ab0) thrown at [/Users/ec2-user/workspace/Corretto8/macos/x64/build/Corretto8Src/installers/mac/tar/corretto-build/buildRoot/hotspot/src/share/vm/prims/jni.cpp, line 709]
Event: 2.078 Thread 0x00007ff7419a9800 Exception <a 'sun/nio/fs/UnixException'> (0x00000007964a9270) thrown at [/Users/ec2-user/workspace/Corretto8/macos/x64/build/Corretto8Src/installers/mac/tar/corretto-build/buildRoot/hotspot/src/share/vm/prims/jni.cpp, line 709]
Event: 2.078 Thread 0x00007ff7419a9800 Exception <a 'java/io/FileNotFoundException'> (0x00000007964b1380) thrown at [/Users/ec2-user/workspace/Corretto8/macos/x64/build/Corretto8Src/installers/mac/tar/corretto-build/buildRoot/hotspot/src/share/vm/prims/jni.cpp, line 709]
Event: 2.079 Thread 0x00007ff7419a9800 Exception <a 'sun/nio/fs/UnixException'> (0x00000007964d5120) thrown at [/Users/ec2-user/workspace/Corretto8/macos/x64/build/Corretto8Src/installers/mac/tar/corretto-build/buildRoot/hotspot/src/share/vm/prims/jni.cpp, line 709]
Event: 2.079 Thread 0x00007ff7419a9800 Exception <a 'java/io/FileNotFoundException'> (0x00000007964dd228) thrown at [/Users/ec2-user/workspace/Corretto8/macos/x64/build/Corretto8Src/installers/mac/tar/corretto-build/buildRoot/hotspot/src/share/vm/prims/jni.cpp, line 709]
Event: 2.080 Thread 0x00007ff7419a9800 Exception <a 'sun/nio/fs/UnixException'> (0x00000007965025d0) thrown at [/Users/ec2-user/workspace/Corretto8/macos/x64/build/Corretto8Src/installers/mac/tar/corretto-build/buildRoot/hotspot/src/share/vm/prims/jni.cpp, line 709]

Events (10 events):
Event: 14.561 Executing VM operation: RevokeBias done
Event: 14.561 Executing VM operation: RevokeBias
Event: 14.561 Executing VM operation: RevokeBias done
Event: 14.561 Executing VM operation: RevokeBias
Event: 14.561 Executing VM operation: RevokeBias done
Event: 14.561 Executing VM operation: RevokeBias
Event: 14.561 Executing VM operation: RevokeBias done
Event: 14.561 Executing VM operation: RevokeBias
Event: 14.561 Executing VM operation: RevokeBias done
Event: 14.562 Executing VM operation: RevokeBias


Dynamic libraries:
0x00007ff824514000 	/System/Library/Frameworks/Cocoa.framework/Versions/A/Cocoa
0x00007ff81016c000 	/System/Library/Frameworks/AppKit.framework/Versions/C/AppKit
0x00007ff813683000 	/System/Library/Frameworks/CoreData.framework/Versions/A/CoreData
0x00007ff80e56f000 	/System/Library/Frameworks/Foundation.framework/Versions/C/Foundation
0x00007ff8184a5000 	/usr/lib/libSystem.B.dylib
0x00007ff810ffc000 	/System/Library/PrivateFrameworks/UIFoundation.framework/Versions/A/UIFoundation
0x00007ff81e416000 	/System/Library/PrivateFrameworks/RemoteViewServices.framework/Versions/A/RemoteViewServices
0x00007ff8166f9000 	/System/Library/PrivateFrameworks/XCTTargetBootstrap.framework/Versions/A/XCTTargetBootstrap
0x00007ff81a2ac000 	/System/Library/PrivateFrameworks/InternationalSupport.framework/Versions/A/InternationalSupport
0x00007ff81a336000 	/System/Library/PrivateFrameworks/UserActivity.framework/Versions/A/UserActivity
0x00007ff81968c000 	/usr/lib/libspindump.dylib
0x00007ff81128b000 	/System/Library/Frameworks/UniformTypeIdentifiers.framework/Versions/A/UniformTypeIdentifiers
0x00007ff814e1d000 	/usr/lib/libapp_launch_measurement.dylib
0x00007ff814055000 	/System/Library/PrivateFrameworks/CoreAnalytics.framework/Versions/A/CoreAnalytics
0x00007ff814e20000 	/System/Library/PrivateFrameworks/CoreAutoLayout.framework/Versions/A/CoreAutoLayout
0x00007ff816050000 	/System/Library/Frameworks/Metal.framework/Versions/A/Metal
0x00007ff816d7f000 	/usr/lib/liblangid.dylib
0x00007ff8166fe000 	/System/Library/PrivateFrameworks/CoreSVG.framework/Versions/A/CoreSVG
0x00007ff812677000 	/System/Library/PrivateFrameworks/SkyLight.framework/Versions/A/SkyLight
0x00007ff812a16000 	/System/Library/Frameworks/CoreGraphics.framework/Versions/A/CoreGraphics
0x00007ff81ead6000 	/System/Library/Frameworks/Accelerate.framework/Versions/A/Accelerate
0x00007ff81910b000 	/System/Library/PrivateFrameworks/IconServices.framework/Versions/A/IconServices
0x00007ff816035000 	/System/Library/Frameworks/IOSurface.framework/Versions/A/IOSurface
0x00007ff814083000 	/usr/lib/libDiagnosticMessagesClient.dylib
0x00007ff8183c5000 	/usr/lib/libz.1.dylib
0x00007ff8221b8000 	/System/Library/Frameworks/ApplicationServices.framework/Versions/A/ApplicationServices
0x00007ff8166e5000 	/System/Library/PrivateFrameworks/DFRFoundation.framework/Versions/A/DFRFoundation
0x00007ff80fa54000 	/usr/lib/libicucore.A.dylib
0x00007ff81b0a2000 	/System/Library/Frameworks/AudioToolbox.framework/Versions/A/AudioToolbox
0x00007ff81a2b8000 	/System/Library/PrivateFrameworks/DataDetectorsCore.framework/Versions/A/DataDetectorsCore
0x00007ff9167b6000 	/System/Library/PrivateFrameworks/TextInput.framework/Versions/A/TextInput
0x00007ff8125fa000 	/usr/lib/libMobileGestalt.dylib
0x00007ff8163f1000 	/System/Library/Frameworks/Carbon.framework/Versions/A/Frameworks/HIToolbox.framework/Versions/A/HIToolbox
0x00007ff814820000 	/System/Library/Frameworks/QuartzCore.framework/Versions/A/QuartzCore
0x00007ff80f6f9000 	/System/Library/Frameworks/Security.framework/Versions/A/Security
0x00007ff81e44e000 	/System/Library/Frameworks/Carbon.framework/Versions/A/Frameworks/SpeechRecognition.framework/Versions/A/SpeechRecognition
0x00007ff814b7d000 	/System/Library/PrivateFrameworks/CoreUI.framework/Versions/A/CoreUI
0x00007ff80efc3000 	/System/Library/Frameworks/CoreAudio.framework/Versions/A/CoreAudio
0x00007ff814172000 	/System/Library/Frameworks/DiskArbitration.framework/Versions/A/DiskArbitration
0x00007ff819a7a000 	/System/Library/PrivateFrameworks/MultitouchSupport.framework/Versions/A/MultitouchSupport
0x00007ff8125f9000 	/usr/lib/libenergytrace.dylib
0x00007ff810058000 	/System/Library/Frameworks/IOKit.framework/Versions/A/IOKit
0x00007ff81e83e000 	/System/Library/Frameworks/CoreServices.framework/Versions/A/CoreServices
0x00007ff814db7000 	/System/Library/PrivateFrameworks/PerformanceAnalysis.framework/Versions/A/PerformanceAnalysis
0x00007ffa26498000 	/System/Library/Frameworks/OpenGL.framework/Versions/A/OpenGL
0x00007ff8179e1000 	/System/Library/PrivateFrameworks/MobileKeyBag.framework/Versions/A/MobileKeyBag
0x00007ff80d539000 	/usr/lib/libobjc.A.dylib
0x00007ff8130e2000 	/System/Library/Frameworks/ColorSync.framework/Versions/A/ColorSync
0x00007ff80d6f3000 	/System/Library/Frameworks/CoreFoundation.framework/Versions/A/CoreFoundation
0x00007ff816975000 	/System/Library/Frameworks/CoreImage.framework/Versions/A/CoreImage
0x00007ff80edd7000 	/System/Library/Frameworks/CoreText.framework/Versions/A/CoreText
0x00007ff81672e000 	/System/Library/Frameworks/ImageIO.framework/Versions/A/ImageIO
0x00007ff8184ab000 	/System/Library/PrivateFrameworks/SoftLinking.framework/Versions/A/SoftLinking
0x00007ff814e68000 	/usr/lib/libxml2.2.dylib
0x00007ff80d5ff000 	/usr/lib/libc++.1.dylib
0x00007ff81872f000 	/usr/lib/libcompression.dylib
0x00007ff81a1df000 	/System/Library/PrivateFrameworks/TextureIO.framework/Versions/A/TextureIO
0x00007ff818e1d000 	/usr/lib/libate.dylib
0x00007ff8184a0000 	/usr/lib/system/libcache.dylib
0x00007ff81845c000 	/usr/lib/system/libcommonCrypto.dylib
0x00007ff818485000 	/usr/lib/system/libcompiler_rt.dylib
0x00007ff81847b000 	/usr/lib/system/libcopyfile.dylib
0x00007ff80d434000 	/usr/lib/system/libcorecrypto.dylib
0x00007ff80d4f2000 	/usr/lib/system/libdispatch.dylib
0x00007ff80d6b2000 	/usr/lib/system/libdyld.dylib
0x00007ff818497000 	/usr/lib/system/libkeymgr.dylib
0x00007ff81843a000 	/usr/lib/system/libmacho.dylib
0x00007ff817abb000 	/usr/lib/system/libquarantine.dylib
0x00007ff818495000 	/usr/lib/system/libremovefile.dylib
0x00007ff812647000 	/usr/lib/system/libsystem_asl.dylib
0x00007ff80d3dd000 	/usr/lib/system/libsystem_blocks.dylib
0x00007ff80d576000 	/usr/lib/system/libsystem_c.dylib
0x00007ff81848d000 	/usr/lib/system/libsystem_collections.dylib
0x00007ff816d6f000 	/usr/lib/system/libsystem_configuration.dylib
0x00007ff816018000 	/usr/lib/system/libsystem_containermanager.dylib
0x00007ff818172000 	/usr/lib/system/libsystem_coreservices.dylib
0x00007ff80fce8000 	/usr/lib/system/libsystem_darwin.dylib
0x00007ff818498000 	/usr/lib/system/libsystem_dnssd.dylib
0x00007ff80d573000 	/usr/lib/system/libsystem_featureflags.dylib
0x00007ff80d6c8000 	/usr/lib/system/libsystem_info.dylib
0x00007ff8183d8000 	/usr/lib/system/libsystem_m.dylib
0x00007ff80d4c6000 	/usr/lib/system/libsystem_malloc.dylib
0x00007ff8125e2000 	/usr/lib/system/libsystem_networkextension.dylib
0x00007ff81010e000 	/usr/lib/system/libsystem_notify.dylib
0x00007ff81e713000 	/usr/lib/system/libsystem_product_info_filter.dylib
0x00007ff816d73000 	/usr/lib/system/libsystem_sandbox.dylib
0x00007ff818492000 	/usr/lib/system/libsystem_secinit.dylib
0x00007ff80d66e000 	/usr/lib/system/libsystem_kernel.dylib
0x00007ff80d6be000 	/usr/lib/system/libsystem_platform.dylib
0x00007ff80d6a6000 	/usr/lib/system/libsystem_pthread.dylib
0x00007ff813e95000 	/usr/lib/system/libsystem_symptoms.dylib
0x00007ff80d41b000 	/usr/lib/system/libsystem_trace.dylib
0x00007ff818468000 	/usr/lib/system/libunwind.dylib
0x00007ff80d3df000 	/usr/lib/system/libxpc.dylib
0x00007ff80d658000 	/usr/lib/libc++abi.dylib
0x00007ff818473000 	/usr/lib/liboah.dylib
0x00007ff818bf9000 	/usr/lib/liblzma.5.dylib
0x00007ff80e281000 	/System/Library/Frameworks/SystemConfiguration.framework/Versions/A/SystemConfiguration
0x00007ff8184a7000 	/usr/lib/libfakelink.dylib
0x00007ff812152000 	/System/Library/Frameworks/CFNetwork.framework/Versions/A/CFNetwork
0x00007ff8185e8000 	/usr/lib/libarchive.2.dylib
0x00007ff816d7b000 	/System/Library/PrivateFrameworks/AppleSystemInfo.framework/Versions/A/AppleSystemInfo
0x00007ff817ae2000 	/usr/lib/libbsm.0.dylib
0x00007ff811761000 	/usr/lib/libnetwork.dylib
0x00007ff818440000 	/usr/lib/system/libkxld.dylib
0x00007ff817715000 	/System/Library/PrivateFrameworks/IOMobileFramebuffer.framework/Versions/A/IOMobileFramebuffer
0x00007ffb25e62000 	/usr/lib/libCoreEntitlements.dylib
0x00007ff818154000 	/System/Library/PrivateFrameworks/AppleFSCompression.framework/Versions/A/AppleFSCompression
0x00007ff817aca000 	/usr/lib/libcoretls.dylib
0x00007ff818c13000 	/usr/lib/libcoretls_cfhelpers.dylib
0x00007ff81872a000 	/usr/lib/libpam.2.dylib
0x00007ff813ab4000 	/usr/lib/libsqlite3.dylib
0x00007ff818c82000 	/usr/lib/libxar.1.dylib
0x00007ff818164000 	/usr/lib/libbz2.1.0.dylib
0x00007ff8184ac000 	/usr/lib/libpcap.A.dylib
0x00007ff813e8d000 	/usr/lib/libdns_services.dylib
0x00007ff8186fa000 	/usr/lib/libapple_nghttp2.dylib
0x00007ff8184e6000 	/usr/lib/libiconv.2.dylib
0x00007ff818439000 	/usr/lib/libcharset.1.dylib
0x00007ff814deb000 	/System/Library/Frameworks/CoreServices.framework/Versions/A/Frameworks/FSEvents.framework/Versions/A/FSEvents
0x00007ff80fcf2000 	/System/Library/Frameworks/CoreServices.framework/Versions/A/Frameworks/CarbonCore.framework/Versions/A/CarbonCore
0x00007ff8140d6000 	/System/Library/Frameworks/CoreServices.framework/Versions/A/Frameworks/Metadata.framework/Versions/A/Metadata
0x00007ff818177000 	/System/Library/Frameworks/CoreServices.framework/Versions/A/Frameworks/OSServices.framework/Versions/A/OSServices
0x00007ff81866f000 	/System/Library/Frameworks/CoreServices.framework/Versions/A/Frameworks/SearchKit.framework/Versions/A/SearchKit
0x00007ff813e1f000 	/System/Library/Frameworks/CoreServices.framework/Versions/A/Frameworks/AE.framework/Versions/A/AE
0x00007ff80dbf6000 	/System/Library/Frameworks/CoreServices.framework/Versions/A/Frameworks/LaunchServices.framework/Versions/A/LaunchServices
0x00007ff818baa000 	/System/Library/Frameworks/CoreServices.framework/Versions/A/Frameworks/DictionaryServices.framework/Versions/A/DictionaryServices
0x00007ff814df8000 	/System/Library/Frameworks/CoreServices.framework/Versions/A/Frameworks/SharedFileList.framework/Versions/A/SharedFileList
0x00007ff817abe000 	/usr/lib/libCheckFix.dylib
0x00007ff81265e000 	/System/Library/PrivateFrameworks/TCC.framework/Versions/A/TCC
0x00007ff816d81000 	/System/Library/PrivateFrameworks/CoreNLP.framework/Versions/A/CoreNLP
0x00007ff814086000 	/System/Library/PrivateFrameworks/MetadataUtilities.framework/Versions/A/MetadataUtilities
0x00007ff80e332000 	/usr/lib/libmecabra.dylib
0x00007ff817af2000 	/usr/lib/libmecab.dylib
0x00007ff80e2fd000 	/usr/lib/libCRFSuite.dylib
0x00007ff817b4c000 	/usr/lib/libgermantok.dylib
0x00007ff8186d5000 	/usr/lib/libThaiTokenizer.dylib
0x00007ff814179000 	/System/Library/Frameworks/Accelerate.framework/Versions/A/Frameworks/vImage.framework/Versions/A/vImage
0x00007ff81e815000 	/System/Library/Frameworks/Accelerate.framework/Versions/A/Frameworks/vecLib.framework/Versions/A/vecLib
0x00007ff818cc3000 	/System/Library/Frameworks/Accelerate.framework/Versions/A/Frameworks/vecLib.framework/Versions/A/libvMisc.dylib
0x00007ff817540000 	/System/Library/Frameworks/Accelerate.framework/Versions/A/Frameworks/vecLib.framework/Versions/A/libvDSP.dylib
0x00007ff80df71000 	/System/Library/Frameworks/Accelerate.framework/Versions/A/Frameworks/vecLib.framework/Versions/A/libBLAS.dylib
0x00007ff81880c000 	/System/Library/Frameworks/Accelerate.framework/Versions/A/Frameworks/vecLib.framework/Versions/A/libLAPACK.dylib
0x00007ff817b4f000 	/System/Library/Frameworks/Accelerate.framework/Versions/A/Frameworks/vecLib.framework/Versions/A/libLinearAlgebra.dylib
0x00007ff818712000 	/System/Library/Frameworks/Accelerate.framework/Versions/A/Frameworks/vecLib.framework/Versions/A/libSparseBLAS.dylib
0x00007ff818806000 	/System/Library/Frameworks/Accelerate.framework/Versions/A/Frameworks/vecLib.framework/Versions/A/libQuadrature.dylib
0x00007ff816e6c000 	/System/Library/Frameworks/Accelerate.framework/Versions/A/Frameworks/vecLib.framework/Versions/A/libBNNS.dylib
0x00007ff80e20b000 	/System/Library/Frameworks/Accelerate.framework/Versions/A/Frameworks/vecLib.framework/Versions/A/libSparse.dylib
0x00007ff816e65000 	/System/Library/PrivateFrameworks/LinguisticData.framework/Versions/A/LinguisticData
0x00007ff80e1c1000 	/System/Library/PrivateFrameworks/Lexicon.framework/Versions/A/Lexicon
0x00007ff818cbc000 	/usr/lib/libChineseTokenizer.dylib
0x00007ff80e92c000 	/System/Library/PrivateFrameworks/LanguageModeling.framework/Versions/A/LanguageModeling
0x00007ff8186d7000 	/System/Library/PrivateFrameworks/AppleSauce.framework/Versions/A/AppleSauce
0x00007ff817703000 	/System/Library/PrivateFrameworks/CoreEmoji.framework/Versions/A/CoreEmoji
0x00007ff8185d7000 	/usr/lib/libcmph.dylib
0x00007ff814dcf000 	/System/Library/Frameworks/OpenDirectory.framework/Versions/A/Frameworks/CFOpenDirectory.framework/Versions/A/CFOpenDirectory
0x00007ff814dc3000 	/System/Library/Frameworks/OpenDirectory.framework/Versions/A/OpenDirectory
0x00007ff818c15000 	/System/Library/PrivateFrameworks/APFS.framework/Versions/A/APFS
0x00007ff817a19000 	/System/Library/Frameworks/SecurityFoundation.framework/Versions/A/SecurityFoundation
0x00007ff818c90000 	/usr/lib/libutil.dylib
0x00007ff81001c000 	/System/Library/PrivateFrameworks/CoreServicesStore.framework/Versions/A/CoreServicesStore
0x00007ff818c94000 	/usr/lib/libxslt.1.dylib
0x00007ff817aa6000 	/System/Library/PrivateFrameworks/BackgroundTaskManagement.framework/Versions/A/BackgroundTaskManagement
0x00007ff81a0ff000 	/System/Library/Frameworks/ImageIO.framework/Versions/A/Resources/libRadiance.dylib
0x00007ff81a108000 	/System/Library/Frameworks/ImageIO.framework/Versions/A/Resources/libJPEG.dylib
0x00007ff81a059000 	/System/Library/Frameworks/ImageIO.framework/Versions/A/Resources/libPng.dylib
0x00007ff81a07a000 	/System/Library/Frameworks/ImageIO.framework/Versions/A/Resources/libTIFF.dylib
0x00007ff81a168000 	/System/Library/Frameworks/ImageIO.framework/Versions/A/Resources/libGIF.dylib
0x00007ff819994000 	/System/Library/Frameworks/ImageIO.framework/Versions/A/Resources/libJP2.dylib
0x00007ff8190d2000 	/usr/lib/libexpat.1.dylib
0x00007ff819949000 	/System/Library/PrivateFrameworks/AppleJPEG.framework/Versions/A/AppleJPEG
0x00007ff8162b5000 	/System/Library/PrivateFrameworks/FontServices.framework/libFontParser.dylib
0x00007ff813dc9000 	/System/Library/PrivateFrameworks/RunningBoardServices.framework/Versions/A/RunningBoardServices
0x00007ff824acf000 	/System/Library/PrivateFrameworks/IOSurfaceAccelerator.framework/Versions/A/IOSurfaceAccelerator
0x00007ff819a76000 	/System/Library/PrivateFrameworks/WatchdogClient.framework/Versions/A/WatchdogClient
0x00007ff80ea1a000 	/System/Library/Frameworks/CoreDisplay.framework/Versions/A/CoreDisplay
0x00007ff8161b3000 	/System/Library/Frameworks/CoreMedia.framework/Versions/A/CoreMedia
0x00007ff816047000 	/System/Library/PrivateFrameworks/IOAccelerator.framework/Versions/A/IOAccelerator
0x00007ff814f4c000 	/System/Library/Frameworks/CoreVideo.framework/Versions/A/CoreVideo
0x00007ff818728000 	/System/Library/Frameworks/MetalPerformanceShaders.framework/Versions/A/MetalPerformanceShaders
0x00007ff819ab3000 	/System/Library/Frameworks/VideoToolbox.framework/Versions/A/VideoToolbox
0x00007ff813d13000 	/System/Library/PrivateFrameworks/BaseBoard.framework/Versions/A/BaseBoard
0x00007ff813a9a000 	/System/Library/PrivateFrameworks/ProtocolBuffer.framework/Versions/A/ProtocolBuffer
0x00007ff81a0f8000 	/System/Library/PrivateFrameworks/GPUWrangler.framework/Versions/A/GPUWrangler
0x00007ff81a0dc000 	/System/Library/PrivateFrameworks/IOPresentment.framework/Versions/A/IOPresentment
0x00007ff81a102000 	/System/Library/PrivateFrameworks/DSExternalDisplay.framework/Versions/A/DSExternalDisplay
0x00007ffa2648c000 	/System/Library/Frameworks/OpenGL.framework/Versions/A/Libraries/libCoreFSCache.dylib
0x00007ffb13563000 	/System/Library/PrivateFrameworks/GPUCompiler.framework/Versions/31001/Libraries/libGPUCompilerUtils.dylib
0x00007ff81a16d000 	/System/Library/PrivateFrameworks/CMCaptureCore.framework/Versions/A/CMCaptureCore
0x00007ff81967a000 	/System/Library/PrivateFrameworks/AppServerSupport.framework/Versions/A/AppServerSupport
0x00007ff81b93b000 	/System/Library/PrivateFrameworks/perfdata.framework/Versions/A/perfdata
0x00007ff80eb46000 	/System/Library/PrivateFrameworks/AudioToolboxCore.framework/Versions/A/AudioToolboxCore
0x00007ff816191000 	/System/Library/PrivateFrameworks/caulk.framework/Versions/A/caulk
0x00007ff81b24d000 	/usr/lib/libAudioStatistics.dylib
0x00007ff912f44000 	/System/Library/PrivateFrameworks/SystemPolicy.framework/Versions/A/SystemPolicy
0x00007ff81b4a8000 	/usr/lib/libSMC.dylib
0x00007ff8243c7000 	/System/Library/Frameworks/CoreMIDI.framework/Versions/A/CoreMIDI
0x00007ff81a028000 	/usr/lib/libAudioToolboxUtility.dylib
0x00007ff90f170000 	/System/Library/PrivateFrameworks/OSAServicesClient.framework/Versions/A/OSAServicesClient
0x00007ff81b948000 	/usr/lib/libperfcheck.dylib
0x00007ff9139f1000 	/usr/lib/libmis.dylib
0x00007ffa264e7000 	/System/Library/Frameworks/OpenGL.framework/Versions/A/Libraries/libGLU.dylib
0x00007ffa264ab000 	/System/Library/Frameworks/OpenGL.framework/Versions/A/Libraries/libGFXShared.dylib
0x00007ffa266b4000 	/System/Library/Frameworks/OpenGL.framework/Versions/A/Libraries/libGL.dylib
0x00007ffa264b4000 	/System/Library/Frameworks/OpenGL.framework/Versions/A/Libraries/libGLImage.dylib
0x00007ffa264a8000 	/System/Library/Frameworks/OpenGL.framework/Versions/A/Libraries/libCVMSPluginSupport.dylib
0x00007ffa26493000 	/System/Library/Frameworks/OpenGL.framework/Versions/A/Libraries/libCoreVMClient.dylib
0x00007ff816cfd000 	/System/Library/Frameworks/MetalPerformanceShaders.framework/Versions/A/Frameworks/MPSCore.framework/Versions/A/MPSCore
0x00007ff8180bf000 	/System/Library/Frameworks/MetalPerformanceShaders.framework/Versions/A/Frameworks/MPSImage.framework/Versions/A/MPSImage
0x00007ff817b65000 	/System/Library/Frameworks/MetalPerformanceShaders.framework/Versions/A/Frameworks/MPSNeuralNetwork.framework/Versions/A/MPSNeuralNetwork
0x00007ff817fd9000 	/System/Library/Frameworks/MetalPerformanceShaders.framework/Versions/A/Frameworks/MPSMatrix.framework/Versions/A/MPSMatrix
0x00007ff817d94000 	/System/Library/Frameworks/MetalPerformanceShaders.framework/Versions/A/Frameworks/MPSRayIntersector.framework/Versions/A/MPSRayIntersector
0x00007ff818011000 	/System/Library/Frameworks/MetalPerformanceShaders.framework/Versions/A/Frameworks/MPSNDArray.framework/Versions/A/MPSNDArray
0x00007ffa2bf6c000 	/System/Library/Frameworks/MetalPerformanceShaders.framework/Versions/A/Frameworks/MPSFunctions.framework/Versions/A/MPSFunctions
0x00007ff80de4d000 	/System/Library/PrivateFrameworks/MetalTools.framework/Versions/A/MetalTools
0x00007ff816d79000 	/System/Library/PrivateFrameworks/AggregateDictionary.framework/Versions/A/AggregateDictionary
0x00007ff818eb4000 	/usr/lib/libIOReport.dylib
0x00007ffa27ac3000 	/System/Library/Frameworks/OpenCL.framework/Versions/A/OpenCL
0x00007ff819218000 	/System/Library/PrivateFrameworks/FaceCore.framework/Versions/A/FaceCore
0x00007ff819209000 	/System/Library/PrivateFrameworks/GraphVisualizer.framework/Versions/A/GraphVisualizer
0x00007ffb1346e000 	/System/Library/PrivateFrameworks/FontServices.framework/Versions/A/FontServices
0x00007ff819632000 	/System/Library/PrivateFrameworks/OTSVG.framework/Versions/A/OTSVG
0x00007ff814b33000 	/System/Library/Frameworks/ApplicationServices.framework/Versions/A/Frameworks/ATS.framework/Versions/A/Resources/libFontRegistry.dylib
0x00007ff819682000 	/System/Library/PrivateFrameworks/FontServices.framework/libhvf.dylib
0x00007ffb1346f000 	/System/Library/PrivateFrameworks/FontServices.framework/libXTFontStaticRegistryData.dylib
0x00007ff819082000 	/System/Library/PrivateFrameworks/AppleVA.framework/Versions/A/AppleVA
0x00007ff81b26d000 	/System/Library/Frameworks/ApplicationServices.framework/Versions/A/Frameworks/ATS.framework/Versions/A/ATS
0x00007ff8131e0000 	/System/Library/Frameworks/ApplicationServices.framework/Versions/A/Frameworks/HIServices.framework/Versions/A/HIServices
0x00007ff81a177000 	/System/Library/Frameworks/ApplicationServices.framework/Versions/A/Frameworks/PrintCore.framework/Versions/A/PrintCore
0x00007ff81b5fb000 	/System/Library/Frameworks/ApplicationServices.framework/Versions/A/Frameworks/QD.framework/Versions/A/QD
0x00007ff81b5f3000 	/System/Library/Frameworks/ApplicationServices.framework/Versions/A/Frameworks/ColorSyncLegacy.framework/Versions/A/ColorSyncLegacy
0x00007ff81b25d000 	/System/Library/Frameworks/ApplicationServices.framework/Versions/A/Frameworks/SpeechSynthesis.framework/Versions/A/SpeechSynthesis
0x00007ff81a138000 	/System/Library/Frameworks/ApplicationServices.framework/Versions/A/Frameworks/ATSUI.framework/Versions/A/ATSUI
0x00007ff81b588000 	/usr/lib/libcups.2.dylib
0x00007ff81b957000 	/System/Library/Frameworks/Kerberos.framework/Versions/A/Kerberos
0x00007ff81b966000 	/System/Library/Frameworks/GSS.framework/Versions/A/GSS
0x00007ff81b2d9000 	/usr/lib/libresolv.9.dylib
0x00007ff819691000 	/System/Library/PrivateFrameworks/Heimdal.framework/Versions/A/Heimdal
0x00007ff82254a000 	/System/Library/Frameworks/Kerberos.framework/Versions/A/Libraries/libHeimdalProxy.dylib
0x00007ff813e9d000 	/System/Library/Frameworks/Network.framework/Versions/A/Network
0x00007ff8190ec000 	/usr/lib/libheimdal-asn1.dylib
0x00007ff81b9b1000 	/System/Library/PrivateFrameworks/CommonAuth.framework/Versions/A/CommonAuth
0x00007ff81b1df000 	/System/Library/PrivateFrameworks/AudioSession.framework/Versions/A/AudioSession
0x00007ff81917c000 	/System/Library/PrivateFrameworks/MediaExperience.framework/Versions/A/MediaExperience
0x00007ff81b071000 	/System/Library/PrivateFrameworks/AudioSession.framework/libSessionUtility.dylib
0x00007ff81b607000 	/System/Library/PrivateFrameworks/AudioResourceArbitration.framework/Versions/A/AudioResourceArbitration
0x00007ff81f688000 	/System/Library/PrivateFrameworks/PowerLog.framework/Versions/A/PowerLog
0x00007ff8190f5000 	/System/Library/PrivateFrameworks/IconFoundation.framework/Versions/A/IconFoundation
0x00007ff81e43e000 	/System/Library/PrivateFrameworks/SpeechRecognitionCore.framework/Versions/A/SpeechRecognitionCore
0x000000010634a000 	/Users/daniilbelaev/Library/Java/JavaVirtualMachines/corretto-1.8.0_362/Contents/Home/jre/lib/server/libjvm.dylib
0x0000000105589000 	/Users/daniilbelaev/Library/Java/JavaVirtualMachines/corretto-1.8.0_362/Contents/Home/jre/lib/libverify.dylib
0x00000001055e7000 	/Users/daniilbelaev/Library/Java/JavaVirtualMachines/corretto-1.8.0_362/Contents/Home/jre/lib/libjava.dylib
0x0000000105633000 	/Users/daniilbelaev/Library/Java/JavaVirtualMachines/corretto-1.8.0_362/Contents/Home/jre/lib/libinstrument.dylib
0x0000000105674000 	/Users/daniilbelaev/Library/Java/JavaVirtualMachines/corretto-1.8.0_362/Contents/Home/jre/lib/libzip.dylib
0x000000010b255000 	/Users/daniilbelaev/Library/Java/JavaVirtualMachines/corretto-1.8.0_362/Contents/Home/jre/lib/libnio.dylib
0x000000010b29b000 	/Users/daniilbelaev/Library/Java/JavaVirtualMachines/corretto-1.8.0_362/Contents/Home/jre/lib/libnet.dylib
0x000000010b275000 	/Users/daniilbelaev/Library/Java/JavaVirtualMachines/corretto-1.8.0_362/Contents/Home/jre/lib/libprism_es2.dylib
0x00007ff80ffde000 	/System/Library/PrivateFrameworks/CoreServicesInternal.framework/Versions/A/CoreServicesInternal
0x00007ffa266bf000 	/System/Library/Frameworks/OpenGL.framework/Versions/A/Resources/GLEngine.bundle/GLEngine
0x00007ffa26525000 	/System/Library/Frameworks/OpenGL.framework/Versions/A/Libraries/libGLProgrammability.dylib
0x00007ffa1b53b000 	/System/Library/Extensions/AppleIntelKBLGraphicsGLDriver.bundle/Contents/MacOS/AppleIntelKBLGraphicsGLDriver
0x00007ff91db8c000 	/System/Library/PrivateFrameworks/GPUSupport.framework/Versions/A/Libraries/libGPUSupportMercury.dylib
0x00007ffa26849000 	/System/Library/Frameworks/OpenGL.framework/Versions/A/Resources/GLRendererFloat.bundle/GLRendererFloat
0x000000011d931000 	/Users/daniilbelaev/Library/Java/JavaVirtualMachines/corretto-1.8.0_362/Contents/Home/jre/lib/libglass.dylib
0x00007ff81fc79000 	/System/Library/Frameworks/FileProvider.framework/Versions/A/FileProvider
0x00007ff813c80000 	/System/Library/Frameworks/Accounts.framework/Versions/A/Accounts
0x00007ff81fdf2000 	/System/Library/PrivateFrameworks/GenerationalStorage.framework/Versions/A/GenerationalStorage
0x00007ff820902000 	/System/Library/PrivateFrameworks/CoreSymbolication.framework/Versions/A/CoreSymbolication
0x00007ff81f67d000 	/System/Library/PrivateFrameworks/SymptomDiagnosticReporter.framework/Versions/A/SymptomDiagnosticReporter
0x00007ff81129f000 	/System/Library/PrivateFrameworks/DesktopServicesPriv.framework/Versions/A/DesktopServicesPriv
0x00007ff81011d000 	/usr/lib/libsandbox.1.dylib
0x00007ff814fcb000 	/System/Library/PrivateFrameworks/UserManagement.framework/Versions/A/UserManagement
0x00007ff8208c7000 	/System/Library/PrivateFrameworks/DebugSymbols.framework/Versions/A/DebugSymbols
0x00007ff81b5e8000 	/System/Library/PrivateFrameworks/NetAuth.framework/Versions/A/NetAuth
0x00007ff81c4f7000 	/System/Library/PrivateFrameworks/Sharing.framework/Versions/A/Sharing
0x00007ff814f9e000 	/System/Library/PrivateFrameworks/login.framework/Versions/A/Frameworks/loginsupport.framework/Versions/A/loginsupport
0x00007ff821a65000 	/System/Library/PrivateFrameworks/Apple80211.framework/Versions/A/Apple80211
0x00007ff8181a4000 	/System/Library/PrivateFrameworks/AuthKit.framework/Versions/A/AuthKit
0x00007ff8177f9000 	/System/Library/PrivateFrameworks/CoreUtils.framework/Versions/A/CoreUtils
0x00007ff817720000 	/System/Library/Frameworks/CoreWLAN.framework/Versions/A/CoreWLAN
0x00007ff81c656000 	/System/Library/Frameworks/IOBluetooth.framework/Versions/A/IOBluetooth
0x00007ff821acd000 	/System/Library/PrivateFrameworks/CoreWiFi.framework/Versions/A/CoreWiFi
0x00007ff82049c000 	/System/Library/PrivateFrameworks/FrontBoardServices.framework/Versions/A/FrontBoardServices
0x00007ff82052d000 	/System/Library/PrivateFrameworks/BoardServices.framework/Versions/A/BoardServices
0x00007ff817a08000 	/System/Library/PrivateFrameworks/AssertionServices.framework/Versions/A/AssertionServices
0x00007ff821c50000 	/System/Library/PrivateFrameworks/BackBoardServices.framework/Versions/A/BackBoardServices
0x00007ff81ba42000 	/System/Library/PrivateFrameworks/CorePhoneNumbers.framework/Versions/A/CorePhoneNumbers
0x00007ff81b306000 	/System/Library/PrivateFrameworks/MultiverseSupport.framework/Versions/A/MultiverseSupport
0x00007ff821ec3000 	/System/Library/PrivateFrameworks/RemoteServiceDiscovery.framework/Versions/A/RemoteServiceDiscovery
0x00007ff81f79a000 	/System/Library/PrivateFrameworks/DiskManagement.framework/Versions/A/DiskManagement
0x00007ff81f6ae000 	/System/Library/PrivateFrameworks/AppleIDAuthSupport.framework/Versions/A/AppleIDAuthSupport
0x00007ffb0dde9000 	/System/Library/PrivateFrameworks/AAAFoundation.framework/Versions/A/AAAFoundation
0x00007ff81ba23000 	/System/Library/PrivateFrameworks/KeychainCircle.framework/Versions/A/KeychainCircle
0x00007ff821ed3000 	/System/Library/PrivateFrameworks/RemoteXPC.framework/Versions/A/RemoteXPC
0x00007ff81f766000 	/System/Library/PrivateFrameworks/MediaKit.framework/Versions/A/MediaKit
0x00007ff81f6ba000 	/System/Library/Frameworks/DiscRecording.framework/Versions/A/DiscRecording
0x00007ff818ffa000 	/usr/lib/libCoreStorage.dylib
0x00007ff821f3e000 	/usr/lib/libcsfde.dylib
0x00007ff81c723000 	/System/Library/PrivateFrameworks/ProtectedCloudStorage.framework/Versions/A/ProtectedCloudStorage
0x00007ff821f3a000 	/System/Library/PrivateFrameworks/EFILogin.framework/Versions/A/EFILogin
0x00007ff81fe18000 	/System/Library/PrivateFrameworks/OctagonTrust.framework/Versions/A/OctagonTrust
0x00007ffb126d1000 	/System/Library/PrivateFrameworks/CoreUtilsExtras.framework/Versions/A/CoreUtilsExtras
0x00007ff81f5e1000 	/System/Library/Frameworks/CoreBluetooth.framework/Versions/A/CoreBluetooth
0x00007ff8225cf000 	/System/Library/Frameworks/AudioUnit.framework/Versions/A/AudioUnit
0x00007ff818ff2000 	/usr/lib/libMatch.1.dylib
0x00007ff918015000 	/System/Library/Frameworks/Accelerate.framework/Versions/A/Frameworks/vImage.framework/Versions/A/Libraries/libCGInterfaces.dylib
0x000000011f433000 	/usr/lib/libobjc-trampolines.dylib
0x00007ff814cc3000 	/System/Library/PrivateFrameworks/ViewBridge.framework/Versions/A/ViewBridge
0x0000000123048000 	/Users/daniilbelaev/Library/Java/JavaVirtualMachines/corretto-1.8.0_362/Contents/Home/jre/lib/libjavafx_font.dylib
0x00000001232d7000 	/Users/daniilbelaev/Library/Java/JavaVirtualMachines/corretto-1.8.0_362/Contents/Home/jre/lib/libjavafx_iio.dylib
0x00007ff819748000 	/System/Library/PrivateFrameworks/login.framework/Versions/A/login
0x00007ffb25f51000 	/usr/lib/libRosetta.dylib
0x00007ff81eb5a000 	/System/Library/PrivateFrameworks/SystemAdministration.framework/Versions/A/SystemAdministration
0x00007ff81a3a1000 	/System/Library/Frameworks/MediaToolbox.framework/Versions/A/MediaToolbox
0x00007ff81e40a000 	/System/Library/Frameworks/DirectoryService.framework/Versions/A/DirectoryService
0x00007ff821ddc000 	/System/Library/PrivateFrameworks/DiskImages.framework/Versions/A/DiskImages
0x00007ff817ab0000 	/System/Library/Frameworks/ServiceManagement.framework/Versions/A/ServiceManagement
0x00007ff821fb8000 	/System/Library/PrivateFrameworks/LoginUIKit.framework/Versions/A/Frameworks/LoginUICore.framework/Versions/A/LoginUICore
0x00007ff8198f1000 	/usr/lib/libodfde.dylib
0x00007ff81fc49000 	/System/Library/PrivateFrameworks/CoreAVCHD.framework/Versions/A/CoreAVCHD
0x00007ff81eb1e000 	/System/Library/Frameworks/MediaAccessibility.framework/Versions/A/MediaAccessibility
0x00007ff81fc45000 	/System/Library/PrivateFrameworks/Mangrove.framework/Versions/A/Mangrove
0x00007ff81eb29000 	/System/Library/PrivateFrameworks/AlgosScoreFramework.framework/Versions/A/AlgosScoreFramework
0x00007ffb0f9c5000 	/System/Library/PrivateFrameworks/CMPhoto.framework/Versions/A/CMPhoto
0x00007ff82079d000 	/System/Library/PrivateFrameworks/AppleVPA.framework/Versions/A/AppleVPA
0x00007ff81f88a000 	/System/Library/PrivateFrameworks/CoreAUC.framework/Versions/A/CoreAUC
0x00007ff821f4a000 	/usr/lib/libcurl.4.dylib
0x00007ffb263bd000 	/usr/lib/libcrypto.46.dylib
0x00007ffb268b2000 	/usr/lib/libssl.48.dylib
0x00007ff821c6e000 	/System/Library/Frameworks/LDAP.framework/Versions/A/LDAP
0x00007ff821ca6000 	/System/Library/PrivateFrameworks/TrustEvaluationAgent.framework/Versions/A/TrustEvaluationAgent
0x00007ff81b2f2000 	/usr/lib/libsasl2.2.dylib
0x00007ff81eb4e000 	/System/Library/PrivateFrameworks/CoreDaemon.framework/Versions/B/CoreDaemon
0x00007ff81eb49000 	/System/Library/PrivateFrameworks/AppleSRP.framework/Versions/A/AppleSRP

VM Arguments:
jvm_args: -javaagent:/Applications/IntelliJ IDEA.app/Contents/lib/idea_rt.jar=62541:/Applications/IntelliJ IDEA.app/Contents/bin -Dfile.encoding=UTF-8 
java_command: main.Main
java_class_path (initial): /Users/daniilbelaev/Library/Java/JavaVirtualMachines/corretto-1.8.0_362/Contents/Home/jre/lib/charsets.jar:/Users/daniilbelaev/Library/Java/JavaVirtualMachines/corretto-1.8.0_362/Contents/Home/jre/lib/ext/cldrdata.jar:/Users/daniilbelaev/Library/Java/JavaVirtualMachines/corretto-1.8.0_362/Contents/Home/jre/lib/ext/dnsns.jar:/Users/daniilbelaev/Library/Java/JavaVirtualMachines/corretto-1.8.0_362/Contents/Home/jre/lib/ext/jaccess.jar:/Users/daniilbelaev/Library/Java/JavaVirtualMachines/corretto-1.8.0_362/Contents/Home/jre/lib/ext/jfxrt.jar:/Users/daniilbelaev/Library/Java/JavaVirtualMachines/corretto-1.8.0_362/Contents/Home/jre/lib/ext/localedata.jar:/Users/daniilbelaev/Library/Java/JavaVirtualMachines/corretto-1.8.0_362/Contents/Home/jre/lib/ext/nashorn.jar:/Users/daniilbelaev/Library/Java/JavaVirtualMachines/corretto-1.8.0_362/Contents/Home/jre/lib/ext/sunec.jar:/Users/daniilbelaev/Library/Java/JavaVirtualMachines/corretto-1.8.0_362/Contents/Home/jre/lib/ext/sunjce_provider.jar:/Users/daniilbelaev/Library/Java/JavaVirtualMachines/corretto-1.8.0_362/Contents/Home/jre/lib/ext/sunpkcs11.jar:/Users/daniilbelaev/Library/Java/JavaVirtualMachines/corretto-1.8.0_362/Contents/Home/jre/lib/ext/zipfs.jar:/Users/daniilbelaev/Library/Java/JavaVirtualMachines/corretto-1.8.0_362/Contents/Home/jre/lib/jce.jar:/Users/daniilbelaev/Library/Java/JavaVirtualMachines/corretto-1.8.0_362/Contents/Home/jre/lib/jfr.jar:/Users/daniilbelaev/Library/Java/JavaVirtualMachines/corretto-1.8.0_362/Contents/Home/jre/lib/jfxswt.jar:/Users/daniilbelaev/Library/Java/JavaVirtualMachines/corretto-1.8.0_362/Contents/Home/jre/lib/jsse.jar:/Users/daniilbelaev/Library/Java/JavaVirtualMachines/corretto-1.8.0_362/Contents/Home/jre/lib/management-agent.jar:/Users/daniilbelaev/Library/Java/JavaVirtualMachines/corretto-1.8.0_362/Contents/Home/jre/lib/resources.jar:/Users/daniilbelaev/Library/Java/JavaVirtualMachines/corretto-1.8.0_362/Contents/Home/jre/lib/rt.jar:/Users/daniilbelaev/De
Launcher Type: SUN_STANDARD

Environment Variables:
PATH=/Library/Frameworks/Python.framework/Versions/3.10/bin:/Library/Frameworks/Python.framework/Versions/3.10/bin:/usr/local/bin:/usr/bin:/bin:/usr/sbin:/sbin
SHELL=/bin/bash

Signal Handlers:
SIGSEGV: [libjvm.dylib+0x577797], sa_mask[0]=11111111011111110111111111111111, sa_flags=SA_ONSTACK|SA_RESTART|SA_SIGINFO
SIGBUS: [libjvm.dylib+0x577797], sa_mask[0]=11111111011111110111111111111111, sa_flags=SA_RESTART|SA_SIGINFO
SIGFPE: [libjvm.dylib+0x470ec7], sa_mask[0]=11111111011111110111111111111111, sa_flags=SA_RESTART|SA_SIGINFO
SIGPIPE: [libjvm.dylib+0x470ec7], sa_mask[0]=11111111011111110111111111111111, sa_flags=SA_RESTART|SA_SIGINFO
SIGXFSZ: [libjvm.dylib+0x470ec7], sa_mask[0]=11111111011111110111111111111111, sa_flags=SA_RESTART|SA_SIGINFO
SIGILL: [libjvm.dylib+0x470ec7], sa_mask[0]=11111111011111110111111111111111, sa_flags=SA_RESTART|SA_SIGINFO
SIGUSR1: SIG_DFL, sa_mask[0]=00000000000000000000000000000000, sa_flags=none
SIGUSR2: [libjvm.dylib+0x4717a6], sa_mask[0]=00100000000000000000000000000000, sa_flags=SA_RESTART|SA_SIGINFO
SIGHUP: [libjvm.dylib+0x46f96f], sa_mask[0]=11111111011111110111111111111111, sa_flags=SA_RESTART|SA_SIGINFO
SIGINT: [libjvm.dylib+0x46f96f], sa_mask[0]=11111111011111110111111111111111, sa_flags=SA_RESTART|SA_SIGINFO
SIGTERM: [libjvm.dylib+0x46f96f], sa_mask[0]=11111111011111110111111111111111, sa_flags=SA_RESTART|SA_SIGINFO
SIGQUIT: [libjvm.dylib+0x46f96f], sa_mask[0]=11111111011111110111111111111111, sa_flags=SA_RESTART|SA_SIGINFO


---------------  S Y S T E M  ---------------

OS:Bsduname:Darwin 21.6.0 Darwin Kernel Version 21.6.0: Sat Jun 18 17:07:25 PDT 2022; root:xnu-8020.140.41~1/RELEASE_X86_64 x86_64
rlimit: STACK 8192k, CORE 0k, NPROC 1392, NOFILE 10240, AS infinity
load average:37.53 16.29 13.19

CPU:total 4 (initial active 4) (2 cores per cpu, 2 threads per core) family 6 model 142 stepping 9, cmov, cx8, fxsr, mmx, sse, sse2, sse3, ssse3, sse4.1, sse4.2, popcnt, avx, avx2, aes, clmul, erms, rtm, 3dnowpref, lzcnt, ht, tsc, tscinvbit, bmi1, bmi2, adx

Memory: 4k page, physical 8388608k(47852k free)

/proc/meminfo:


vm_info: OpenJDK 64-Bit Server VM (25.362-b08) for bsd-amd64 JRE (1.8.0_362-b08), built on Jan 13 2023 13:29:36 by "ec2-user" with gcc Apple LLVM 13.0.0 (clang-1300.0.29.30)

time: Wed Aug  9 11:27:14 2023
timezone: +03
elapsed time: 14.603815 seconds (0d 0h 0m 14s)

